<?xml version="1.0" encoding="UTF-8"?>
<!--
 *  Copyright (c) 2003-2005 The Open For Business Project - www.ofbiz.org
 *
 *  Permission is hereby granted, free of charge, to any person obtaining a
 *  copy of this software and associated documentation files (the "Software"),
 *  to deal in the Software without restriction, including without limitation
 *  the rights to use, copy, modify, merge, publish, distribute, sublicense,
 *  and/or sell copies of the Software, and to permit persons to whom the
 *  Software is furnished to do so, subject to the following conditions:
 *
 *  The above copyright notice and this permission notice shall be included
 *  in all copies or substantial portions of the Software.
 *
 *  THE SOFTWARE IS PROVIDED "AS IS", WITHOUT WARRANTY OF ANY KIND, EXPRESS
 *  OR IMPLIED, INCLUDING BUT NOT LIMITED TO THE WARRANTIES OF
 *  MERCHANTABILITY, FITNESS FOR A PARTICULAR PURPOSE AND NONINFRINGEMENT.
 *  IN NO EVENT SHALL THE AUTHORS OR COPYRIGHT HOLDERS BE LIABLE FOR ANY
 *  CLAIM, DAMAGES OR OTHER LIABILITY, WHETHER IN AN ACTION OF CONTRACT, TORT
 *  OR OTHERWISE, ARISING FROM, OUT OF OR IN CONNECTION WITH THE SOFTWARE OR
 *  THE USE OR OTHER DEALINGS IN THE SOFTWARE.

 *  OFBiz Containers
 *  $Id$
-->

<ofbiz-containers xmlns:xsi="http://www.w3.org/2001/XMLSchema-instance"
        xsi:noNamespaceSchemaLocation="http://www.ofbiz.org/dtds/ofbiz-containers.xsd">
    <!-- load the ofbiz component container (always first) -->
    <container name="component-container" class="org.ofbiz.base.container.ComponentContainer"/>

    <!-- load the cached classloader container (always second) -->
    <container name="classloader-container" class="org.ofbiz.base.container.ClassLoaderContainer"/>

    <!-- load JNDI/JOTM -->
    <container name="jotm-container" class="org.ofbiz.jotm.container.JotmContainer">
        <property name="jndi-config" value="iiop.properties"/>
    </container>

    <!-- RMI Service Dispatcher -->
    <container name="rmi-dispatcher" class="org.ofbiz.service.rmi.RmiServiceContainer">
        <property name="bound-name" value="RMIDispatcher"/>
        <property name="bound-host" value="127.0.0.1"/>
        <property name="bound-port" value="1099"/>
        <property name="delegator-name" value="test"/>
        <property name="client-factory" value="org.ofbiz.service.rmi.socket.ssl.SSLClientSocketFactory"/>
        <property name="server-factory" value="org.ofbiz.service.rmi.socket.ssl.SSLServerSocketFactory"/>
        <property name="ssl-client-auth" value="false"/>
    </container>

    <!-- load Shark Workflow Engine -->
    <!-- NOTE: before uncommenting this please see the instructions in the ofbiz/OPTIONAL_LIBRARIES file.
    <container name="shark-container" class="org.ofbiz.shark.container.SharkContainer">
        <property name="engine-name" value="Shark"/>
        <property name="delegator-name" value="test"/>
        <property name="dispatcher-name" value="WFDispatcher"/>
        <property name="admin-user" value="system"/>
        <property name="admin-pass" value="ofbiz"/>
        <property name="iiop-host" value="127.0.0.1"/>
        <property name="iiop-port" value="2000"/>
    </container>
    -->

    <!-- load JUnit test container -->
    <container name="junit-container" class="org.ofbiz.base.container.JunitContainer">
        <property name="base-test" value="org.ofbiz.base.test.BaseUnitTests"/>
        <property name="entity-test" value="org.ofbiz.entity.test.EntityTestSuite"/>
        <property name="service-test" value="org.ofbiz.service.test.ServiceEngineTests"/>
        <!-- <property name="usps-test" value="org.ofbiz.shipment.thirdparty.usps.UspsServicesTests"/> -->
        <!-- For the jxtests component: <property name="jxunit-test" value="net.sourceforge.jxunit.JXTestCase"/> -->
    </container>
</ofbiz-containers>
